<?xml version="1.0" encoding="UTF-8"?>
<testng-results ignored="0" total="2" passed="2" failed="0" skipped="0">
  <reporter-output>
  </reporter-output>
  <suite started-at="2019-09-30T08:34:07Z" name="Default suite" finished-at="2019-09-30T08:34:40Z" duration-ms="32213">
    <groups>
    </groups>
    <test started-at="2019-09-30T08:34:07Z" name="Default test" finished-at="2019-09-30T08:34:40Z" duration-ms="32213">
      <class name="com.qa.hs.tests.LoginTest">
        <test-method signature="loginTest()[pri:0, instance:com.qa.hs.tests.LoginTest@7f9fcf7f]" started-at="2019-09-30T08:34:07Z" name="loginTest" finished-at="2019-09-30T08:34:30Z" duration-ms="22947" status="PASS">
          <reporter-output>
          </reporter-output>
        </test-method> <!-- loginTest -->
        <test-method signature="signUpTest()[pri:0, instance:com.qa.hs.tests.LoginTest@7f9fcf7f]" started-at="2019-09-30T08:34:30Z" name="signUpTest" finished-at="2019-09-30T08:34:40Z" duration-ms="9207" status="PASS">
          <reporter-output>
          </reporter-output>
        </test-method> <!-- signUpTest -->
      </class> <!-- com.qa.hs.tests.LoginTest -->
    </test> <!-- Default test -->
  </suite> <!-- Default suite -->
</testng-results>
